0 info it worked if it ends with ok
1 verbose cli [ 'F:\\nodejs\\node.exe',
1 verbose cli   'F:\\nodejs\\node_modules\\npm\\bin\\npm-cli.js',
1 verbose cli   'start' ]
2 info using npm@3.9.3
3 info using node@v6.2.1
4 verbose run-script [ 'prestart', 'start', 'poststart' ]
5 info lifecycle exp2014@0.0.0~prestart: exp2014@0.0.0
6 silly lifecycle exp2014@0.0.0~prestart: no script for prestart, continuing
7 info lifecycle exp2014@0.0.0~start: exp2014@0.0.0
8 verbose lifecycle exp2014@0.0.0~start: unsafe-perm in lifecycle true
9 verbose lifecycle exp2014@0.0.0~start: PATH: F:\nodejs\node_modules\npm\bin\node-gyp-bin;F:\nodejs\exp2014\node_modules\.bin;F:\nodejs;C:\Windows\system32;C:\Windows;C:\Windows\System32\Wbem;C:\Windows\System32\WindowsPowerShell\v1.0\;C:\Program Files (x86)\Common Files\lenovo\easyplussdk\bin;C:\Program Files\Java\jdk1.7.0_03\bin;C:\Program Files\Java\jre7\bin;F:\wamp\bin\php\php5.5.12;C:\ProgramData\ComposerSetup\bin;C:\Program Files (x86)\Skype\Phone\;C:\Program Files (x86)\MySQL\MySQL Fabric 1.5 & MySQL Utilities 1.5\;C:\Program Files (x86)\MySQL\MySQL Fabric 1.5 & MySQL Utilities 1.5\Doctrine extensions for PHP\;C:\Program Files (x86)\Bitvise SSH Client;F:\nodejs\;C:\Users\Admin\AppData\Local\atom\bin;C:\Users\Admin\AppData\Roaming\npm
10 verbose lifecycle exp2014@0.0.0~start: CWD: F:\nodejs\exp2014
11 silly lifecycle exp2014@0.0.0~start: Args: [ '/d /s /c', 'node ./bin/www' ]
12 silly lifecycle exp2014@0.0.0~start: Returned: code: 1  signal: null
13 info lifecycle exp2014@0.0.0~start: Failed to exec start script
14 verbose stack Error: exp2014@0.0.0 start: `node ./bin/www`
14 verbose stack Exit status 1
14 verbose stack     at EventEmitter.<anonymous> (F:\nodejs\node_modules\npm\lib\utils\lifecycle.js:245:16)
14 verbose stack     at emitTwo (events.js:106:13)
14 verbose stack     at EventEmitter.emit (events.js:191:7)
14 verbose stack     at ChildProcess.<anonymous> (F:\nodejs\node_modules\npm\lib\utils\spawn.js:24:14)
14 verbose stack     at emitTwo (events.js:106:13)
14 verbose stack     at ChildProcess.emit (events.js:191:7)
14 verbose stack     at maybeClose (internal/child_process.js:852:16)
14 verbose stack     at Process.ChildProcess._handle.onexit (internal/child_process.js:215:5)
15 verbose pkgid exp2014@0.0.0
16 verbose cwd F:\nodejs\exp2014
17 error Windows_NT 6.3.9600
18 error argv "F:\\nodejs\\node.exe" "F:\\nodejs\\node_modules\\npm\\bin\\npm-cli.js" "start"
19 error node v6.2.1
20 error npm  v3.9.3
21 error code ELIFECYCLE
22 error exp2014@0.0.0 start: `node ./bin/www`
22 error Exit status 1
23 error Failed at the exp2014@0.0.0 start script 'node ./bin/www'.
23 error Make sure you have the latest version of node.js and npm installed.
23 error If you do, this is most likely a problem with the exp2014 package,
23 error not with npm itself.
23 error Tell the author that this fails on your system:
23 error     node ./bin/www
23 error You can get information on how to open an issue for this project with:
23 error     npm bugs exp2014
23 error Or if that isn't available, you can get their info via:
23 error     npm owner ls exp2014
23 error There is likely additional logging output above.
24 verbose exit [ 1, true ]
